Performing C SOURCE FILE Test CMAKE_HAVE_LIBC_PTHREAD failed with the following output:
Change Dir: /root/Projects/patsher2d-x/build/CMakeFiles/CMakeTmp

Run Build Command(s):/bin/make cmTC_3a764/fast && /bin/make -f CMakeFiles/cmTC_3a764.dir/build.make CMakeFiles/cmTC_3a764.dir/build
make[1]: Entering directory '/root/Projects/patsher2d-x/build/CMakeFiles/CMakeTmp'
Building C object CMakeFiles/cmTC_3a764.dir/src.c.o
/bin/cc   -fno-strict-aliasing -Werror=implicit-function-declaration -Werror=pointer-arith  -DCMAKE_HAVE_LIBC_PTHREAD   -o CMakeFiles/cmTC_3a764.dir/src.c.o   -c /root/Projects/patsher2d-x/build/CMakeFiles/CMakeTmp/src.c
Linking C executable cmTC_3a764
/usr/bin/cmake -E cmake_link_script CMakeFiles/cmTC_3a764.dir/link.txt --verbose=1
/bin/cc -fno-strict-aliasing -Werror=implicit-function-declaration -Werror=pointer-arith  -DCMAKE_HAVE_LIBC_PTHREAD    -rdynamic CMakeFiles/cmTC_3a764.dir/src.c.o  -o cmTC_3a764 
/bin/ld: CMakeFiles/cmTC_3a764.dir/src.c.o: in function `main':
src.c:(.text+0x36): undefined reference to `pthread_create'
/bin/ld: src.c:(.text+0x3e): undefined reference to `pthread_detach'
/bin/ld: src.c:(.text+0x48): undefined reference to `pthread_join'
collect2: error: ld returned 1 exit status
make[1]: *** [CMakeFiles/cmTC_3a764.dir/build.make:87: cmTC_3a764] Error 1
make[1]: Leaving directory '/root/Projects/patsher2d-x/build/CMakeFiles/CMakeTmp'
make: *** [Makefile:121: cmTC_3a764/fast] Error 2


Source file was:
#include <pthread.h>

void* test_func(void* data)
{
  return data;
}

int main(void)
{
  pthread_t thread;
  pthread_create(&thread, NULL, test_func, NULL);
  pthread_detach(thread);
  pthread_join(thread, NULL);
  pthread_atfork(NULL, NULL, NULL);
  pthread_exit(NULL);

  return 0;
}

Determining if the function pthread_create exists in the pthreads failed with the following output:
Change Dir: /root/Projects/patsher2d-x/build/CMakeFiles/CMakeTmp

Run Build Command(s):/bin/make cmTC_43aa9/fast && /bin/make -f CMakeFiles/cmTC_43aa9.dir/build.make CMakeFiles/cmTC_43aa9.dir/build
make[1]: Entering directory '/root/Projects/patsher2d-x/build/CMakeFiles/CMakeTmp'
Building C object CMakeFiles/cmTC_43aa9.dir/CheckFunctionExists.c.o
/bin/cc   -fno-strict-aliasing -Werror=implicit-function-declaration -Werror=pointer-arith  -DCHECK_FUNCTION_EXISTS=pthread_create   -std=gnu99 -o CMakeFiles/cmTC_43aa9.dir/CheckFunctionExists.c.o   -c /usr/share/cmake-3.16/Modules/CheckFunctionExists.c
Linking C executable cmTC_43aa9
/usr/bin/cmake -E cmake_link_script CMakeFiles/cmTC_43aa9.dir/link.txt --verbose=1
/bin/cc -fno-strict-aliasing -Werror=implicit-function-declaration -Werror=pointer-arith  -DCHECK_FUNCTION_EXISTS=pthread_create    CMakeFiles/cmTC_43aa9.dir/CheckFunctionExists.c.o  -o cmTC_43aa9  -lpthreads 
/bin/ld: cannot find -lpthreads
collect2: error: ld returned 1 exit status
make[1]: *** [CMakeFiles/cmTC_43aa9.dir/build.make:87: cmTC_43aa9] Error 1
make[1]: Leaving directory '/root/Projects/patsher2d-x/build/CMakeFiles/CMakeTmp'
make: *** [Makefile:121: cmTC_43aa9/fast] Error 2



